<?xml version="1.0" encoding="UTF-8"?>
<!-- Generated by org.testng.reporters.JUnitReportReporter -->
<testsuite hostname="LAPTOP-55F5BS9P" failures="0" tests="2" name="TestNGStudy.MyTestClass" time="12.050" errors="0" timestamp="2022-06-28T14:29:36 IST" skipped="0">
  <testcase classname="TestNGStudy.MyTestClass" name="myMethod" time="9.045"/>
  <system-out/>
  <testcase classname="TestNGStudy.MyTestClass" name="myMethod1" time="3.005"/>
  <system-out/>
</testsuite> <!-- TestNGStudy.MyTestClass -->
