<?xml version="1.0" encoding="UTF-8"?>
<!-- Generated by org.testng.reporters.JUnitReportReporter -->
<testsuite hostname="LAPTOP-55F5BS9P" failures="0" tests="4" name="testNGKeywords.MyTestClass2" time="0.008" errors="0" timestamp="2022-06-28T20:17:50 IST" skipped="0">
  <testcase classname="testNGKeywords.MyTestClass2" name="q" time="0.000"/>
  <system-out>
    <![CDATA[q is running, sanity]]>
  </system-out>
  <testcase classname="testNGKeywords.MyTestClass2" name="r" time="0.001"/>
  <system-out>
    <![CDATA[r is Running, regression]]>
  </system-out>
  <testcase classname="testNGKeywords.MyTestClass2" name="p" time="0.006"/>
  <system-out>
    <![CDATA[P is running,regression]]>
  </system-out>
  <testcase classname="testNGKeywords.MyTestClass2" name="s" time="0.001"/>
  <system-out>
    <![CDATA[s is Running, sanity]]>
  </system-out>
</testsuite> <!-- testNGKeywords.MyTestClass2 -->
