<?xml version="1.0" encoding="UTF-8"?>
<!-- Generated by org.testng.reporters.JUnitReportReporter -->
<testsuite hostname="LAPTOP-55F5BS9P" failures="0" tests="3" name="testNGKeywords.TimeOutUse" time="2.015" errors="0" timestamp="2022-06-28T20:22:33 IST" skipped="0">
  <testcase classname="testNGKeywords.TimeOutUse" name="a" time="0.006"/>
  <system-out>
    <![CDATA[a is running]]>
  </system-out>
  <testcase classname="testNGKeywords.TimeOutUse" name="d" time="2.009"/>
  <system-out>
    <![CDATA[d is running]]>
  </system-out>
  <testcase classname="testNGKeywords.TimeOutUse" name="b" time="0.000"/>
  <system-out>
    <![CDATA[b is running]]>
  </system-out>
</testsuite> <!-- testNGKeywords.TimeOutUse -->
