<?xml version="1.0" encoding="UTF-8"?>
<!-- Generated by org.testng.reporters.JUnitReportReporter -->
<testsuite hostname="LAPTOP-55F5BS9P" failures="0" tests="3" name="testNGKeywords.EnableUse" time="0.008" errors="0" timestamp="2022-06-28T20:35:47 IST" skipped="1">
  <testcase classname="testNGKeywords.EnableUse" name="v" time="0.001"/>
  <system-out>
    <![CDATA[v is running]]>
  </system-out>
  <testcase classname="testNGKeywords.EnableUse" name="d" time="0.007"/>
  <system-out>
    <![CDATA[d is running]]>
  </system-out>
  <testcase classname="testNGKeywords.EnableUse" name="a">
    <skipped/>
  </testcase> <!-- a -->
  <system-out/>
</testsuite> <!-- testNGKeywords.EnableUse -->
