<?xml version="1.0" encoding="UTF-8"?>
<!-- Generated by org.testng.reporters.JUnitReportReporter -->
<testsuite hostname="LAPTOP-55F5BS9P" failures="0" tests="3" name="testNGKeywords.InvocationCountUse" time="0.013" errors="0" timestamp="2022-06-28T20:30:59 IST" skipped="0">
  <testcase classname="testNGKeywords.InvocationCountUse" name="mytest" time="0.006"/>
  <system-out>
    <![CDATA[hello]]>
  </system-out>
  <testcase classname="testNGKeywords.InvocationCountUse" name="mytest" time="0.007"/>
  <system-out>
    <![CDATA[hello]]>
  </system-out>
  <testcase classname="testNGKeywords.InvocationCountUse" name="mytest" time="0.000"/>
  <system-out>
    <![CDATA[hello]]>
  </system-out>
</testsuite> <!-- testNGKeywords.InvocationCountUse -->
