<?xml version="1.0" encoding="UTF-8"?>
<!-- Generated by org.testng.reporters.JUnitReportReporter -->
<testsuite hostname="LAPTOP-55F5BS9P" failures="0" tests="1" name="KitePOMUsingTestNG.ValidateKiteAppUserName" time="2.001" errors="0" timestamp="2022-07-08T14:43:49 IST" skipped="0">
  <testcase classname="KitePOMUsingTestNG.ValidateKiteAppUserName" name="validateUserName" time="2.001"/>
  <system-out>
    <![CDATA[Validating UserName
Actual and Expected UN are matching TC PASSED]]>
  </system-out>
</testsuite> <!-- KitePOMUsingTestNG.ValidateKiteAppUserName -->
