<?xml version="1.0" encoding="UTF-8"?>
<!-- Generated by org.testng.reporters.JUnitReportReporter -->
<testsuite hostname="LAPTOP-55F5BS9P" failures="0" tests="4" name="testNGKeywords.MyTestClass1" time="0.010" errors="0" timestamp="2022-07-06T18:09:54 IST" skipped="0">
  <testcase classname="testNGKeywords.MyTestClass1" name="d" time="0.001"/>
  <system-out>
    <![CDATA[d is running, regression]]>
  </system-out>
  <testcase classname="testNGKeywords.MyTestClass1" name="b" time="0.001"/>
  <system-out>
    <![CDATA[b is running, regression]]>
  </system-out>
  <testcase classname="testNGKeywords.MyTestClass1" name="a" time="0.007"/>
  <system-out>
    <![CDATA[a is running]]>
  </system-out>
  <testcase classname="testNGKeywords.MyTestClass1" name="c" time="0.001"/>
  <system-out>
    <![CDATA[c is running,sanity]]>
  </system-out>
</testsuite> <!-- testNGKeywords.MyTestClass1 -->
