<?xml version="1.0" encoding="UTF-8"?>
<!-- Generated by org.testng.reporters.JUnitReportReporter -->
<testsuite hostname="LAPTOP-55F5BS9P" failures="0" tests="1" name="TestNGStudy.AnnotationClassTest" time="0.006" errors="0" timestamp="2022-07-06T18:06:59 IST" skipped="0">
  <testcase classname="TestNGStudy.AnnotationClassTest" name="ValidateUserId" time="0.006"/>
  <system-out>
    <![CDATA[Validate user Id]]>
  </system-out>
</testsuite> <!-- TestNGStudy.AnnotationClassTest -->
