<?xml version="1.0" encoding="UTF-8"?>
<!-- Generated by org.testng.reporters.JUnitReportReporter -->
<testsuite hostname="LAPTOP-55F5BS9P" failures="0" tests="3" name="testNGKeywords.DependentMethodUse" time="0.010" errors="0" timestamp="2022-06-29T13:25:09 IST" skipped="0">
  <testcase classname="testNGKeywords.DependentMethodUse" name="a" time="0.000"/>
  <system-out>
    <![CDATA[a is running]]>
  </system-out>
  <testcase classname="testNGKeywords.DependentMethodUse" name="v" time="0.002"/>
  <system-out>
    <![CDATA[v is running]]>
  </system-out>
  <testcase classname="testNGKeywords.DependentMethodUse" name="d" time="0.008"/>
  <system-out>
    <![CDATA[d is running]]>
  </system-out>
</testsuite> <!-- testNGKeywords.DependentMethodUse -->
