<?xml version="1.0" encoding="UTF-8"?>
<!-- Generated by org.testng.reporters.JUnitReportReporter -->
<testsuite hostname="LAPTOP-55F5BS9P" failures="0" tests="1" name="KiteTest.ValidateKiteUserIDUsingProperty" time="3.998" errors="0" timestamp="2022-07-08T20:09:59 IST" skipped="0">
  <testcase classname="KiteTest.ValidateKiteUserIDUsingProperty" name="validateUserID" time="3.998"/>
  <system-out/>
</testsuite> <!-- KiteTest.ValidateKiteUserIDUsingProperty -->
