<?xml version="1.0" encoding="UTF-8"?>
<!-- Generated by org.testng.reporters.JUnitReportReporter -->
<testsuite hostname="LAPTOP-55F5BS9P" failures="0" tests="1" name="IncludeExclude.MyTestClass" time="0.007" errors="0" timestamp="2022-07-06T18:09:28 IST" skipped="0">
  <testcase classname="IncludeExclude.MyTestClass" name="a" time="0.007"/>
  <system-out>
    <![CDATA[a is running]]>
  </system-out>
</testsuite> <!-- IncludeExclude.MyTestClass -->
