<?xml version="1.0" encoding="UTF-8"?>
<!-- Generated by org.testng.reporters.JUnitReportReporter -->
<testsuite hostname="LAPTOP-55F5BS9P" failures="0" tests="2" name="IncludeExclude.MyTestClass2" time="0.001" errors="0" timestamp="2022-07-06T18:09:28 IST" skipped="0">
  <testcase classname="IncludeExclude.MyTestClass2" name="y" time="0.001"/>
  <system-out>
    <![CDATA[y is running]]>
  </system-out>
  <testcase classname="IncludeExclude.MyTestClass2" name="z" time="0.000"/>
  <system-out>
    <![CDATA[z is running]]>
  </system-out>
</testsuite> <!-- IncludeExclude.MyTestClass2 -->
