<?xml version="1.0" encoding="UTF-8"?>
<!-- Generated by org.testng.reporters.JUnitReportReporter -->
<testsuite hostname="LAPTOP-55F5BS9P" failures="0" tests="1" name="KiteTest.ValidateKiteUserID" time="2.207" errors="0" timestamp="2022-07-08T20:05:00 IST" skipped="0">
  <testcase classname="KiteTest.ValidateKiteUserID" name="validateUserID" time="2.207"/>
  <system-out/>
</testsuite> <!-- KiteTest.ValidateKiteUserID -->
